0 info it worked if it ends with ok
1 verbose cli [ '/usr/bin/nodejs', '/usr/bin/npm', 'install', 'php5_module' ]
2 info using npm@1.3.10
3 info using node@v0.10.25
4 warn package.json app@ No repository field.
5 verbose readDependencies using package.json deps
6 verbose cache add [ 'php5_module', null ]
7 verbose cache add name=undefined spec="php5_module" args=["php5_module",null]
8 verbose parsed url { protocol: null,
8 verbose parsed url   slashes: null,
8 verbose parsed url   auth: null,
8 verbose parsed url   host: null,
8 verbose parsed url   port: null,
8 verbose parsed url   hostname: null,
8 verbose parsed url   hash: null,
8 verbose parsed url   search: null,
8 verbose parsed url   query: null,
8 verbose parsed url   pathname: 'php5_module',
8 verbose parsed url   path: 'php5_module',
8 verbose parsed url   href: 'php5_module' }
9 silly lockFile 519d34cc-php5-module php5_module
10 verbose lock php5_module /home/burak/.npm/519d34cc-php5-module.lock
11 silly lockFile 519d34cc-php5-module php5_module
12 silly lockFile 519d34cc-php5-module php5_module
13 verbose addNamed [ 'php5_module', '' ]
14 verbose addNamed [ null, '*' ]
15 silly lockFile 34ff0d60-php5-module php5_module@
16 verbose lock php5_module@ /home/burak/.npm/34ff0d60-php5-module.lock
17 silly addNameRange { name: 'php5_module', range: '*', hasData: false }
18 verbose url raw php5_module
19 verbose url resolving [ 'https://registry.npmjs.org/', './php5_module' ]
20 verbose url resolved https://registry.npmjs.org/php5_module
21 info trying registry request attempt 1 at 15:02:26
22 http GET https://registry.npmjs.org/php5_module
23 http 404 https://registry.npmjs.org/php5_module
24 silly registry.get cb [ 404,
24 silly registry.get   { date: 'Tue, 15 Jul 2014 19:02:26 GMT',
24 silly registry.get     server: 'CouchDB/1.5.0 (Erlang OTP/R16B03)',
24 silly registry.get     'content-type': 'application/json',
24 silly registry.get     'cache-control': 'max-age=0',
24 silly registry.get     'content-length': '52',
24 silly registry.get     'accept-ranges': 'bytes',
24 silly registry.get     via: '1.1 varnish',
24 silly registry.get     age: '0',
24 silly registry.get     'x-served-by': 'cache-at52-ATL',
24 silly registry.get     'x-cache': 'MISS',
24 silly registry.get     'x-cache-hits': '0',
24 silly registry.get     'x-timer': 'S1405450946.385546,VS0,VE85',
24 silly registry.get     'keep-alive': 'timeout=10, max=50',
24 silly registry.get     connection: 'Keep-Alive' } ]
25 silly lockFile 34ff0d60-php5-module php5_module@
26 silly lockFile 34ff0d60-php5-module php5_module@
27 error 404 'php5_module' is not in the npm registry.
27 error 404 You should bug the author to publish it
27 error 404
27 error 404 Note that you can also install from a
27 error 404 tarball, folder, or http url, or git url.
28 error System Linux 3.13.0-30-generic
29 error command "/usr/bin/nodejs" "/usr/bin/npm" "install" "php5_module"
30 error cwd /home/burak/Desktop/Summer Workspace/Jeeves
31 error node -v v0.10.25
32 error npm -v 1.3.10
33 error code E404
34 verbose exit [ 1, true ]
